<?xml version="1.0" encoding="UTF-8"?>
<!-- Generated by org.testng.reporters.JUnitReportReporter -->
<testsuite hostname="Kavyashree-Recruitment-QA" failures="0" tests="2" name="demoPackage.dependencyDemo" time="4.941" errors="0" timestamp="2025-04-10T15:25:06 IST" skipped="0">
  <testcase classname="demoPackage.dependencyDemo" name="login" time="0.699"/>
  <system-out/>
  <testcase classname="demoPackage.dependencyDemo" name="setup" time="4.242"/>
  <system-out/>
</testsuite> <!-- demoPackage.dependencyDemo -->
