<?xml version="1.0" encoding="UTF-8"?>
<!-- Generated by org.testng.reporters.JUnitReportReporter -->
<testsuite hostname="Kavyashree-Recruitment-QA" failures="0" tests="2" name="demoPackage.AnnotationsDemo" time="0.011" errors="0" timestamp="2025-04-07T10:35:58 IST" skipped="0">
  <testcase classname="demoPackage.AnnotationsDemo" name="test1" time="0.008"/>
  <testcase classname="demoPackage.AnnotationsDemo" name="test2" time="0.003"/>
</testsuite> <!-- demoPackage.AnnotationsDemo -->
