<?xml version="1.0" encoding="UTF-8"?>
<!-- Generated by org.testng.reporters.JUnitReportReporter -->
<testsuite hostname="Kavyashree-Recruitment-QA" failures="0" tests="1" name="Tests.DataDrivenFrameworkDemo" time="53.955" errors="0" timestamp="2025-04-22T15:50:11 IST" skipped="0">
  <testcase classname="Tests.DataDrivenFrameworkDemo" name="executionMethod" time="53.955"/>
  <system-out/>
</testsuite> <!-- Tests.DataDrivenFrameworkDemo -->
