<?xml version="1.0" encoding="UTF-8"?>
<!-- Generated by org.testng.reporters.JUnitReportReporter -->
<testsuite hostname="Kavyashree-Recruitment-QA" failures="0" tests="1" name="demoPackage.FridayAdDemo" time="6.236" errors="0" timestamp="2025-04-10T15:40:09 IST" skipped="0">
  <testcase classname="demoPackage.FridayAdDemo" name="searchJobs" time="6.236"/>
  <system-out/>
</testsuite> <!-- demoPackage.FridayAdDemo -->
