<?xml version="1.0" encoding="UTF-8"?>
<!-- Generated by org.testng.reporters.JUnitReportReporter -->
<testsuite hostname="Kavyashree-Recruitment-QA" failures="0" tests="3" name="demoPackage.OrangeHrmDemo" time="3.717" errors="0" timestamp="2025-04-08T18:41:20 IST" skipped="0">
  <testcase classname="demoPackage.OrangeHrmDemo" name="login" time="0.665"/>
  <system-out/>
  <testcase classname="demoPackage.OrangeHrmDemo" name="verifyHomePage" time="1.835"/>
  <system-out/>
  <testcase classname="demoPackage.OrangeHrmDemo" name="logout" time="1.217"/>
  <system-out/>
</testsuite> <!-- demoPackage.OrangeHrmDemo -->
