<?xml version="1.0" encoding="UTF-8"?>
<!-- Generated by org.testng.reporters.JUnitReportReporter -->
<testsuite hostname="Kavyashree-Recruitment-QA" failures="0" tests="1" name="Tests.HybridDrivenFrameworkDemo" time="60.592" errors="0" timestamp="2025-04-22T18:47:18 IST" skipped="0">
  <testcase classname="Tests.HybridDrivenFrameworkDemo" name="executionMethod" time="60.592"/>
  <system-out/>
</testsuite> <!-- Tests.HybridDrivenFrameworkDemo -->
