<?xml version="1.0" encoding="UTF-8"?>
<!-- Generated by org.testng.reporters.JUnitReportReporter -->
<testsuite hostname="Kavyashree-Recruitment-QA" failures="0" tests="1" name="Tests.KeywordDrivenFrameworkDemo" time="20.931" errors="0" timestamp="2025-04-22T18:33:49 IST" skipped="0">
  <testcase classname="Tests.KeywordDrivenFrameworkDemo" name="executionMethod" time="20.931"/>
  <system-out/>
</testsuite> <!-- Tests.KeywordDrivenFrameworkDemo -->
