<?xml version="1.0" encoding="UTF-8"?>
<!-- Generated by org.testng.reporters.JUnitReportReporter -->
<testsuite hostname="Kavyashree-Recruitment-QA" failures="0" tests="1" name="Tests.CallingPOM" time="12.802" errors="0" timestamp="2025-04-22T15:12:30 IST" skipped="0">
  <testcase classname="Tests.CallingPOM" name="executionMethod" time="12.802"/>
  <system-out/>
</testsuite> <!-- Tests.CallingPOM -->
