<?xml version="1.0" encoding="UTF-8"?>
<!-- Generated by org.testng.reporters.JUnitReportReporter -->
<testsuite hostname="Kavyashree-Recruitment-QA" failures="0" tests="2" name="demoPackage.GroupsDemo" time="0.014" errors="0" timestamp="2025-04-14T13:12:59 IST" skipped="0">
  <testcase classname="demoPackage.GroupsDemo" name="test9" time="0.002"/>
  <system-out/>
  <testcase classname="demoPackage.GroupsDemo" name="test10" time="0.012"/>
  <system-out/>
</testsuite> <!-- demoPackage.GroupsDemo -->
