<?xml version="1.0" encoding="UTF-8"?>
<!-- Generated by org.testng.reporters.JUnitReportReporter -->
<testsuite hostname="Kavyashree-Recruitment-QA" failures="0" tests="1" name="demoPackage.Parent" time="3.849" errors="0" timestamp="2025-04-10T15:25:06 IST" skipped="0">
  <testcase classname="demoPackage.Parent" name="setup" time="3.849"/>
  <system-out/>
</testsuite> <!-- demoPackage.Parent -->
