<?xml version="1.0" encoding="UTF-8"?>
<!-- Generated by org.testng.reporters.JUnitReportReporter -->
<testsuite hostname="Kavyashree-Recruitment-QA" failures="0" tests="2" name="demoPackage.GroupsDemo" time="0.003" errors="0" timestamp="2025-05-06T22:17:44 IST" skipped="0">
  <testcase classname="demoPackage.GroupsDemo" name="test9" time="0.000"/>
  <testcase classname="demoPackage.GroupsDemo" name="test10" time="0.003"/>
</testsuite> <!-- demoPackage.GroupsDemo -->
